C51 COMPILER V9.59.0.0   SHACHUANG                                                         03/25/2019 11:00:10 PAGE 1   


C51 COMPILER V9.59.0.0, COMPILATION OF MODULE SHACHUANG
OBJECT MODULE PLACED IN shachuang.OBJ
COMPILER INVOKED BY: D:\keil5\C51\BIN\C51.EXE shachuang.c OPTIMIZE(8,SPEED) BROWSE DEBUG OBJECTEXTEND TABS(2)

line level    source

   1          /*
   2          串口收发程序，把发送的数据接收后用P1口的LED灯以二进制的形式显示
   3          并且蜂鸣器发出提示音，再把接收的数据加1并发出。
   4          使用STC ISP软件界面上的串口助手，选择对应的串口号，
   5          设置波特率为9600，选择HEX模式发送和接收
   6          */
   7          #include <reg52.h>
   8          
   9          #define uchar unsigned char
  10          #define uint  unsigned int
  11          
  12          sbit beep = P2^3;//蜂鸣器接口
  13          
  14          sbit s1=P3^5;
  15          sbit s2=P3^4;
  16          uchar c1[]="A110V";//发送暂存变量
  17          uchar c2[]="A55V";//发送暂存变量
  18          uchar  sendFlag = 0;     //未发送数据时  
  19          uchar  receFlag =0;     //未接受到数据时  
  20          
  21          void delay(uint z)
  22          {
  23   1        uint x,y;
  24   1        for(x = z; x > 0; x--)
  25   1          for(y = 114; y > 0 ; y--);
  26   1      } 
  27          void UART_init()
  28          {
  29   1      //  TMOD = 0x20;    //T1工作模式2  8位自动重装
  30   1      //  TH1 = 0xfd;
  31   1      //  TL1 = 0xfd;   //比特率9600
  32   1      //  TR1 = 1;    //启动T1定时器
  33   1        SM0 = 0;
  34   1        SM1 = 1;    //串口工作方式1 10位异步
  35   1        REN = 1;    //串口允许接收
  36   1        EA  = 1;    //开总中断
  37   1        ES  = 1;    //串口中断打开
  38   1      }
  39          
  40          void sendChar(uchar Value)  //发送一个字节数据  
  41          {  
  42   1           SBUF = Value;       
  43   1           sendFlag = 1;       //设置发送标志位,发一字节就置位  
  44   1           while(sendFlag);    //直到发完数据,将sendFlag清零后,才退出sendChar函数  
  45   1      }  
  46            
  47          void sendAll(uchar *pValue) //发送一组数据  
  48          {  
  49   1          while((*pValue) != '\0')   //如果没有发送完毕就继续发  
  50   1          {  
  51   2              sendChar(*pValue);      //发送1字节数据  
  52   2              pValue++;                 //指向下1个字节  
  53   2          }  
  54   1      }  
  55          
C51 COMPILER V9.59.0.0   SHACHUANG                                                         03/25/2019 11:00:10 PAGE 2   

  56          void main()
  57          {
  58   1        UART_init(); //串口初始化
  59   1        while(1)
  60   1        {
  61   2          if(s1 == 0)//判断S2是否按键
  62   2          {
  63   3            delay(5);//软件延时
  64   3            if(s1 == 0)
  65   3            {
  66   4              sendAll(c1); 
  67   4              receFlag=0;             //发完了清标志  
  68   4            }
  69   3            while(!s1); //松手检测
  70   3          }
  71   2          
  72   2          if(s2 == 0)//判断S2是否按键
  73   2          {
  74   3            delay(5);//软件延时
  75   3            if(s2 == 0)
  76   3            {
  77   4              sendAll(c2); 
  78   4              receFlag=0;             //发完了清标志  
  79   4            }
  80   3            while(!s2); //松手检测
  81   3          }
  82   2        }
  83   1      }
  84          
  85          
  86          //void UART() interrupt 4
  87          //{
  88          //  if(RI)  //检测是否接收完成
  89          //  {
  90          //    num = SBUF;   //num 取出接收缓存器的值
  91          //    P1 = SBUF;
  92          //    beep = 0;
  93          //    delay(100);
  94          //    beep = 1;//蜂鸣器发出滴提示音
  95          //    num++;//把接收的数据加1并发送
  96          //    RI = 0;
  97          //    SBUF = num; 
  98          //    while(!TI);
  99          //    TI = 0;
 100          //  }
 101          //}


MODULE INFORMATION:   STATIC OVERLAYABLE
   CODE SIZE        =    131    ----
   CONSTANT SIZE    =   ----    ----
   XDATA SIZE       =   ----    ----
   PDATA SIZE       =   ----    ----
   DATA SIZE        =     13    ----
   IDATA SIZE       =   ----    ----
   BIT SIZE         =   ----    ----
END OF MODULE INFORMATION.


C51 COMPILATION COMPLETE.  0 WARNING(S),  0 ERROR(S)
