C51 COMPILER V9.59.0.0   MAIN                                                              03/31/2019 11:33:27 PAGE 1   


C51 COMPILER V9.59.0.0, COMPILATION OF MODULE MAIN
OBJECT MODULE PLACED IN .\Objects\main.obj
COMPILER INVOKED BY: D:\keil5\C51\BIN\C51.EXE main.c OPTIMIZE(8,SPEED) BROWSE DEBUG OBJECTEXTEND PRINT(.\Listings\main.l
                    -st) TABS(2) OBJECT(.\Objects\main.obj)

line level    source

   1          #include <reg51.h>
   2          
   3          typedef   unsigned char  uint8;
   4          typedef   unsigned int   uint16;
   5          
   6          sbit s1 = P3^5;
   7          sbit s2 = P3^4;
   8          sbit s3 = P3^3;
   9          
  10          uint8 Buf1[]="A220V";
  11          uint8 Buf2[]="A110V";
  12          uint8 Buf3[]="A55V";
  13          
  14          /*
  15           * 延时
  16          */
  17          void delay(uint16 n)
  18          {
  19   1              while (n--);
  20   1      }
  21          
  22          /*
  23           * UART初始化
  24           * 波特率：9600
  25          */
  26          void UART_init(void)
  27          {
  28   1          SCON = 0x50;        // 10位uart，允许串行接受
  29   1      
  30   1          TMOD = 0x20;        // 定时器1工作在方式2（自动重装）
  31   1          TH1 = 0xFD;
  32   1          TL1 = 0xFD;
  33   1      
  34   1          TR1 = 1;
  35   1      }
  36          
  37          /*
  38           * UART 发送一字节
  39          */
  40          void UART_send_byte(uint8 dat)
  41          {
  42   1              SBUF = dat;
  43   1              while (TI == 0);
  44   1              TI = 0;
  45   1      }
  46          
  47          /*
  48           * UART 发送字符串
  49          */
  50          void UART_send_string(uint8 *buf)
  51          {
  52   1              while (*buf != '\0')
  53   1              {
  54   2                      UART_send_byte(*buf++);
C51 COMPILER V9.59.0.0   MAIN                                                              03/31/2019 11:33:27 PAGE 2   

  55   2              }
  56   1      }
  57          
  58          main()
  59          {
  60   1              UART_init();
  61   1              
  62   1              while (1)
  63   1              {
  64   2                if(s1 == 0)//判断S2是否按键
  65   2                {
  66   3                  delay(50);//软件延时
  67   3                  if(s1 == 0)
  68   3                  {
  69   4                    UART_send_string(Buf1);
  70   4                  }
  71   3                  while(!s1); //松手检测
  72   3                }      
  73   2                
  74   2                if(s2 == 0)//判断S2是否按键
  75   2                {
  76   3                  delay(50);//软件延时
  77   3                  if(s2 == 0)
  78   3                  {
  79   4                    UART_send_string(Buf2);
  80   4                  }
  81   3                  while(!s2); //松手检测
  82   3                }      
  83   2                
  84   2                if(s3 == 0)//判断S2是否按键
  85   2                {
  86   3                  delay(50);//软件延时
  87   3                  if(s3 == 0)
  88   3                  {
  89   4                    UART_send_string(Buf3);
  90   4                  }
  91   3                  while(!s3); //松手检测
  92   3                }      
  93   2                 delay(20000);
  94   2              }
  95   1      
  96   1      }


MODULE INFORMATION:   STATIC OVERLAYABLE
   CODE SIZE        =    150    ----
   CONSTANT SIZE    =   ----    ----
   XDATA SIZE       =   ----    ----
   PDATA SIZE       =   ----    ----
   DATA SIZE        =     17       3
   IDATA SIZE       =   ----    ----
   BIT SIZE         =   ----    ----
END OF MODULE INFORMATION.


C51 COMPILATION COMPLETE.  0 WARNING(S),  0 ERROR(S)
